17.03.19 14:11:14 character/INFO - - Character state reset
17.03.19 14:11:14 character/INFO - - Session start. character_saved loaded
17.03.19 14:11:22 character/INFO - - ------ old emotional state: [0.1 0.  0.  0.  0. ]
17.03.19 14:11:22 character/INFO - - Input_emotions: [1.0, 0.0, 0.0, 0.0, 0.0]
17.03.19 14:11:22 character/INFO - - for relationship neutral, relationship modifier with value 1
17.03.19 14:11:22 character/INFO - - for emotion happiness, decay modifier with value -0.01
17.03.19 14:11:22 character/INFO - - for emotion happiness, state modifier with mean value 1.0
17.03.19 14:11:22 character/INFO - - for emotion sadness, decay modifier with value -0.02
17.03.19 14:11:22 character/INFO - - for emotion sadness, state modifier with mean value 1.0
17.03.19 14:11:22 character/INFO - - for emotion anger, decay modifier with value -0.01
17.03.19 14:11:22 character/INFO - - for emotion anger, state modifier with mean value 1.0
17.03.19 14:11:22 character/INFO - - for emotion fear, decay modifier with value -0.02
17.03.19 14:11:22 character/INFO - - for emotion fear, state modifier with mean value 1.0
17.03.19 14:11:22 character/INFO - - for emotion disgust, decay modifier with value -0.05
17.03.19 14:11:22 character/INFO - - for emotion disgust, state modifier with mean value 1.0
17.03.19 14:11:22 character/INFO - - Summed modifiers: [ 0.065 -0.02  -0.16  -0.03  -0.15 ]
17.03.19 14:11:22 character/INFO - - ------ new emotional state: [0.165 0.    0.    0.    0.   ]
17.03.19 14:11:23 character/INFO - - ------ old emotional state: [0.165 0.    0.    0.    0.   ]
17.03.19 14:11:23 character/INFO - - Input_emotions: [0.0, 1.0, 0.0, 0.0, 0.0]
17.03.19 14:11:23 character/INFO - - for relationship neutral, relationship modifier with value 1
17.03.19 14:11:23 character/INFO - - for emotion happiness, decay modifier with value -0.01
17.03.19 14:11:23 character/INFO - - for emotion happiness, state modifier with mean value 1.0
17.03.19 14:11:23 character/INFO - - for emotion sadness, decay modifier with value -0.02
17.03.19 14:11:23 character/INFO - - for emotion sadness, state modifier with mean value 1.0
17.03.19 14:11:23 character/INFO - - for emotion anger, decay modifier with value -0.01
17.03.19 14:11:23 character/INFO - - for emotion anger, state modifier with mean value 1.0
17.03.19 14:11:23 character/INFO - - for emotion fear, decay modifier with value -0.02
17.03.19 14:11:23 character/INFO - - for emotion fear, state modifier with mean value 1.0
17.03.19 14:11:23 character/INFO - - for emotion disgust, decay modifier with value -0.05
17.03.19 14:11:23 character/INFO - - for emotion disgust, state modifier with mean value 1.0
17.03.19 14:11:23 character/INFO - - Summed modifiers: [-0.11  0.03 -0.01 -0.02 -0.05]
17.03.19 14:11:23 character/INFO - - ------ new emotional state: [0.1  0.03 0.   0.   0.  ]
17.03.19 14:11:24 character/INFO - - ------ old emotional state: [0.1  0.03 0.   0.   0.  ]
17.03.19 14:11:24 character/INFO - - Input_emotions: [1.0, 0.0, 0.0, 0.0, 0.0]
17.03.19 14:11:24 character/INFO - - for relationship neutral, relationship modifier with value 1
17.03.19 14:11:24 character/INFO - - for emotion happiness, decay modifier with value -0.01
17.03.19 14:11:24 character/INFO - - for emotion happiness, state modifier with mean value 1.0
17.03.19 14:11:24 character/INFO - - for emotion sadness, decay modifier with value -0.02
17.03.19 14:11:24 character/INFO - - for emotion sadness, state modifier with mean value 1.0
17.03.19 14:11:24 character/INFO - - for emotion anger, decay modifier with value -0.01
17.03.19 14:11:24 character/INFO - - for emotion anger, state modifier with mean value 1.0
17.03.19 14:11:24 character/INFO - - for emotion fear, decay modifier with value -0.02
17.03.19 14:11:24 character/INFO - - for emotion fear, state modifier with mean value 1.0
17.03.19 14:11:24 character/INFO - - for emotion disgust, decay modifier with value -0.05
17.03.19 14:11:24 character/INFO - - for emotion disgust, state modifier with mean value 1.0
17.03.19 14:11:24 character/INFO - - Summed modifiers: [ 0.065 -0.02  -0.16  -0.03  -0.15 ]
17.03.19 14:11:24 character/INFO - - delta modifier: 0.0024999999999999996
17.03.19 14:11:24 character/INFO - - ------ new emotional state: [0.168 0.01  0.    0.    0.   ]
17.03.19 14:11:55 character/INFO - - ------ old emotional state: [0.168 0.01  0.    0.    0.   ]
17.03.19 14:11:55 character/INFO - - Input_emotions: [0.0, 0.0, 1.0, 0.0, 0.0]
17.03.19 14:11:55 character/INFO - - for relationship neutral, relationship modifier with value 1
17.03.19 14:11:55 character/INFO - - for emotion happiness, decay modifier with value -0.01
17.03.19 14:11:55 character/INFO - - for emotion happiness, state modifier with mean value 1.0
17.03.19 14:11:55 character/INFO - - for emotion sadness, decay modifier with value -0.02
17.03.19 14:11:55 character/INFO - - for emotion sadness, state modifier with mean value 1.0
17.03.19 14:11:55 character/INFO - - for emotion anger, decay modifier with value -0.01
17.03.19 14:11:55 character/INFO - - for emotion anger, state modifier with mean value 1.0
17.03.19 14:11:55 character/INFO - - for emotion fear, decay modifier with value -0.02
17.03.19 14:11:55 character/INFO - - for emotion fear, state modifier with mean value 1.0
17.03.19 14:11:55 character/INFO - - for emotion disgust, decay modifier with value -0.05
17.03.19 14:11:55 character/INFO - - for emotion disgust, state modifier with mean value 1.0
17.03.19 14:11:55 character/INFO - - Summed modifiers: [-0.07 -0.02  0.05 -0.02 -0.05]
17.03.19 14:11:55 character/INFO - - ------ new emotional state: [0.1  0.   0.05 0.   0.  ]
17.03.19 14:11:56 character/INFO - - ------ old emotional state: [0.1  0.   0.05 0.   0.  ]
17.03.19 14:11:56 character/INFO - - Input_emotions: [0.0, 0.0, 0.0, 0.0, 1.0]
17.03.19 14:11:56 character/INFO - - for relationship neutral, relationship modifier with value 1
17.03.19 14:11:56 character/INFO - - for emotion happiness, decay modifier with value -0.01
17.03.19 14:11:56 character/INFO - - for emotion happiness, state modifier with mean value 1.0
17.03.19 14:11:56 character/INFO - - for emotion sadness, decay modifier with value -0.02
17.03.19 14:11:56 character/INFO - - for emotion sadness, state modifier with mean value 1.0
17.03.19 14:11:56 character/INFO - - for emotion anger, decay modifier with value -0.01
17.03.19 14:11:56 character/INFO - - for emotion anger, state modifier with mean value 1.0
17.03.19 14:11:56 character/INFO - - for emotion fear, decay modifier with value -0.02
17.03.19 14:11:56 character/INFO - - for emotion fear, state modifier with mean value 1.0
17.03.19 14:11:56 character/INFO - - for emotion disgust, decay modifier with value -0.05
17.03.19 14:11:56 character/INFO - - for emotion disgust, state modifier with mean value 1.0
17.03.19 14:11:56 character/INFO - - Summed modifiers: [-0.11 -0.02  0.    0.05  0.15]
17.03.19 14:11:56 character/INFO - - ------ new emotional state: [0.1  0.   0.05 0.05 0.15]
17.03.19 14:33:16 character/INFO - - Session end. character_saved saved.
