17.03.19 13:44:40 character/INFO - - Character state reset
17.03.19 13:44:40 character/INFO - - Session start. character_saved loaded
17.03.19 13:44:48 character/INFO - - ------ old emotional state: [0.15 0.15 0.1  0.1  0.1 ]
17.03.19 13:44:48 character/INFO - - Input_emotions: [1.0, 0.0, 0.0, 0.0, 0.0]
17.03.19 13:44:48 character/INFO - - for relationship neutral, relationship modifier with value 1
17.03.19 13:44:48 character/INFO - - for emotion happiness, decay modifier with value -0.01
17.03.19 13:44:48 character/INFO - - for emotion happiness, state modifier with mean value 1.0
17.03.19 13:44:48 character/INFO - - for emotion sadness, decay modifier with value -0.01
17.03.19 13:44:48 character/INFO - - for emotion sadness, state modifier with mean value 1.0
17.03.19 13:44:48 character/INFO - - for emotion anger, decay modifier with value -0.03
17.03.19 13:44:48 character/INFO - - for emotion anger, state modifier with mean value 1.0
17.03.19 13:44:48 character/INFO - - for emotion fear, decay modifier with value -0.03
17.03.19 13:44:48 character/INFO - - for emotion fear, state modifier with mean value 1.0
17.03.19 13:44:48 character/INFO - - for emotion disgust, decay modifier with value -0.1
17.03.19 13:44:48 character/INFO - - for emotion disgust, state modifier with mean value 1.0
17.03.19 13:44:48 character/INFO - - Summed modifiers: [ 0.11 -0.01 -0.03 -0.03 -0.1 ]
17.03.19 13:44:48 character/INFO - - ------ new emotional state: [0.26 0.15 0.1  0.1  0.1 ]

17.03.19 13:44:49 character/INFO - - ------ old emotional state: [0.26 0.15 0.1  0.1  0.1 ]
17.03.19 13:44:49 character/INFO - - Input_emotions: [1.0, 0.0, 0.0, 0.0, 0.0]
17.03.19 13:44:49 character/INFO - - for relationship neutral, relationship modifier with value 1
17.03.19 13:44:49 character/INFO - - for emotion happiness, decay modifier with value -0.01
17.03.19 13:44:49 character/INFO - - for emotion happiness, state modifier with mean value 1.0
17.03.19 13:44:49 character/INFO - - for emotion sadness, decay modifier with value -0.01
17.03.19 13:44:49 character/INFO - - for emotion sadness, state modifier with mean value 1.0
17.03.19 13:44:49 character/INFO - - for emotion anger, decay modifier with value -0.03
17.03.19 13:44:49 character/INFO - - for emotion anger, state modifier with mean value 1.0
17.03.19 13:44:49 character/INFO - - for emotion fear, decay modifier with value -0.03
17.03.19 13:44:49 character/INFO - - for emotion fear, state modifier with mean value 1.0
17.03.19 13:44:49 character/INFO - - for emotion disgust, decay modifier with value -0.1
17.03.19 13:44:49 character/INFO - - for emotion disgust, state modifier with mean value 1.0
17.03.19 13:44:49 character/INFO - - Summed modifiers: [ 0.11 -0.01 -0.03 -0.03 -0.1 ]
17.03.19 13:44:49 character/INFO - - ------ new emotional state: [0.37 0.15 0.1  0.1  0.1 ]

17.03.19 13:44:50 character/INFO - - ------ old emotional state: [0.37 0.15 0.1  0.1  0.1 ]
17.03.19 13:44:50 character/INFO - - Input_emotions: [1.0, 0.0, 0.0, 0.0, 0.0]
17.03.19 13:44:50 character/INFO - - for relationship neutral, relationship modifier with value 1
17.03.19 13:44:50 character/INFO - - for emotion happiness, decay modifier with value -0.01
17.03.19 13:44:50 character/INFO - - for emotion happiness, state modifier with mean value 1.0
17.03.19 13:44:50 character/INFO - - for emotion sadness, decay modifier with value -0.01
17.03.19 13:44:50 character/INFO - - for emotion sadness, state modifier with mean value 1.0
17.03.19 13:44:50 character/INFO - - for emotion anger, decay modifier with value -0.03
17.03.19 13:44:50 character/INFO - - for emotion anger, state modifier with mean value 1.0
17.03.19 13:44:50 character/INFO - - for emotion fear, decay modifier with value -0.03
17.03.19 13:44:50 character/INFO - - for emotion fear, state modifier with mean value 1.0
17.03.19 13:44:50 character/INFO - - for emotion disgust, decay modifier with value -0.1
17.03.19 13:44:50 character/INFO - - for emotion disgust, state modifier with mean value 1.0
17.03.19 13:44:50 character/INFO - - Summed modifiers: [ 0.11 -0.01 -0.03 -0.03 -0.1 ]
17.03.19 13:44:50 character/INFO - - ------ new emotional state: [0.48 0.15 0.1  0.1  0.1 ]

17.03.19 13:44:52 character/INFO - - ------ old emotional state: [0.48 0.15 0.1  0.1  0.1 ]
17.03.19 13:44:52 character/INFO - - Input_emotions: [0.0, 1.0, 0.0, 0.0, 0.0]
17.03.19 13:44:52 character/INFO - - for relationship neutral, relationship modifier with value 1
17.03.19 13:44:52 character/INFO - - for emotion happiness, decay modifier with value -0.01
17.03.19 13:44:52 character/INFO - - for emotion happiness, state modifier with mean value 1.0
17.03.19 13:44:52 character/INFO - - for emotion sadness, decay modifier with value -0.01
17.03.19 13:44:52 character/INFO - - for emotion sadness, state modifier with mean value 1.0
17.03.19 13:44:52 character/INFO - - for emotion anger, decay modifier with value -0.03
17.03.19 13:44:52 character/INFO - - for emotion anger, state modifier with mean value 1.0
17.03.19 13:44:52 character/INFO - - for emotion fear, decay modifier with value -0.03
17.03.19 13:44:52 character/INFO - - for emotion fear, state modifier with mean value 1.0
17.03.19 13:44:52 character/INFO - - for emotion disgust, decay modifier with value -0.1
17.03.19 13:44:52 character/INFO - - for emotion disgust, state modifier with mean value 1.0
17.03.19 13:44:52 character/INFO - - Summed modifiers: [-0.01  0.11 -0.03 -0.03 -0.1 ]
17.03.19 13:44:52 character/INFO - - ------ new emotional state: [0.47 0.26 0.1  0.1  0.1 ]

17.03.19 13:44:53 character/INFO - - ------ old emotional state: [0.47 0.26 0.1  0.1  0.1 ]
17.03.19 13:44:53 character/INFO - - Input_emotions: [0.0, 0.0, 1.0, 0.0, 0.0]
17.03.19 13:44:53 character/INFO - - for relationship neutral, relationship modifier with value 1
17.03.19 13:44:53 character/INFO - - for emotion happiness, decay modifier with value -0.01
17.03.19 13:44:53 character/INFO - - for emotion happiness, state modifier with mean value 1.0
17.03.19 13:44:53 character/INFO - - for emotion sadness, decay modifier with value -0.01
17.03.19 13:44:53 character/INFO - - for emotion sadness, state modifier with mean value 1.0
17.03.19 13:44:53 character/INFO - - for emotion anger, decay modifier with value -0.03
17.03.19 13:44:53 character/INFO - - for emotion anger, state modifier with mean value 1.0
17.03.19 13:44:53 character/INFO - - for emotion fear, decay modifier with value -0.03
17.03.19 13:44:53 character/INFO - - for emotion fear, state modifier with mean value 1.0
17.03.19 13:44:53 character/INFO - - for emotion disgust, decay modifier with value -0.1
17.03.19 13:44:53 character/INFO - - for emotion disgust, state modifier with mean value 1.0
17.03.19 13:44:53 character/INFO - - Summed modifiers: [-0.11  0.02  0.02 -0.03 -0.1 ]
17.03.19 13:44:53 character/INFO - - ------ new emotional state: [0.36 0.28 0.12 0.1  0.1 ]

17.03.19 13:44:55 character/INFO - - ------ old emotional state: [0.36 0.28 0.12 0.1  0.1 ]
17.03.19 13:44:55 character/INFO - - Input_emotions: [0.0, 0.0, 0.0, 1.0, 0.0]
17.03.19 13:44:55 character/INFO - - for relationship neutral, relationship modifier with value 1
17.03.19 13:44:55 character/INFO - - for emotion happiness, decay modifier with value -0.01
17.03.19 13:44:55 character/INFO - - for emotion happiness, state modifier with mean value 1.0
17.03.19 13:44:55 character/INFO - - for emotion sadness, decay modifier with value -0.01
17.03.19 13:44:55 character/INFO - - for emotion sadness, state modifier with mean value 1.0
17.03.19 13:44:55 character/INFO - - for emotion anger, decay modifier with value -0.03
17.03.19 13:44:55 character/INFO - - for emotion anger, state modifier with mean value 1.0
17.03.19 13:44:55 character/INFO - - for emotion fear, decay modifier with value -0.03
17.03.19 13:44:55 character/INFO - - for emotion fear, state modifier with mean value 1.0
17.03.19 13:44:55 character/INFO - - for emotion disgust, decay modifier with value -0.1
17.03.19 13:44:55 character/INFO - - for emotion disgust, state modifier with mean value 1.0
17.03.19 13:44:55 character/INFO - - Summed modifiers: [-0.11 -0.01 -0.03  0.02 -0.1 ]
17.03.19 13:44:55 character/INFO - - delta modifier: 0.0012500000000000011
17.03.19 13:44:55 character/INFO - - ------ new emotional state: [0.251 0.27  0.1   0.12  0.1  ]

17.03.19 13:44:56 character/INFO - - ------ old emotional state: [0.251 0.27  0.1   0.12  0.1  ]
17.03.19 13:44:56 character/INFO - - Input_emotions: [0.0, 0.0, 0.0, 0.0, 1.0]
17.03.19 13:44:56 character/INFO - - for relationship neutral, relationship modifier with value 1
17.03.19 13:44:56 character/INFO - - for emotion happiness, decay modifier with value -0.01
17.03.19 13:44:56 character/INFO - - for emotion happiness, state modifier with mean value 1.0
17.03.19 13:44:56 character/INFO - - for emotion sadness, decay modifier with value -0.01
17.03.19 13:44:56 character/INFO - - for emotion sadness, state modifier with mean value 1.0
17.03.19 13:44:56 character/INFO - - for emotion anger, decay modifier with value -0.03
17.03.19 13:44:56 character/INFO - - for emotion anger, state modifier with mean value 1.0
17.03.19 13:44:56 character/INFO - - for emotion fear, decay modifier with value -0.03
17.03.19 13:44:56 character/INFO - - for emotion fear, state modifier with mean value 1.0
17.03.19 13:44:56 character/INFO - - for emotion disgust, decay modifier with value -0.1
17.03.19 13:44:56 character/INFO - - for emotion disgust, state modifier with mean value 1.0
17.03.19 13:44:56 character/INFO - - Summed modifiers: [-0.06 -0.01 -0.03  0.02  0.15]
17.03.19 13:44:56 character/INFO - - ------ new emotional state: [0.191 0.26  0.1   0.14  0.25 ]

17.03.19 13:44:57 character/INFO - - ------ old emotional state: [0.191 0.26  0.1   0.14  0.25 ]
17.03.19 13:44:57 character/INFO - - Input_emotions: [0.0, 0.0, 0.0, 0.0, 1.0]
17.03.19 13:44:57 character/INFO - - for relationship neutral, relationship modifier with value 1
17.03.19 13:44:57 character/INFO - - for emotion happiness, decay modifier with value -0.01
17.03.19 13:44:57 character/INFO - - for emotion happiness, state modifier with mean value 1.0
17.03.19 13:44:57 character/INFO - - for emotion sadness, decay modifier with value -0.01
17.03.19 13:44:57 character/INFO - - for emotion sadness, state modifier with mean value 1.0
17.03.19 13:44:57 character/INFO - - for emotion anger, decay modifier with value -0.03
17.03.19 13:44:57 character/INFO - - for emotion anger, state modifier with mean value 1.0
17.03.19 13:44:57 character/INFO - - for emotion fear, decay modifier with value -0.03
17.03.19 13:44:57 character/INFO - - for emotion fear, state modifier with mean value 1.0
17.03.19 13:44:57 character/INFO - - for emotion disgust, decay modifier with value -0.1
17.03.19 13:44:57 character/INFO - - for emotion disgust, state modifier with mean value 1.0
17.03.19 13:44:57 character/INFO - - Summed modifiers: [-0.06 -0.01 -0.03  0.02  0.15]
17.03.19 13:44:57 character/INFO - - ------ new emotional state: [0.15 0.25 0.1  0.16 0.4 ]

17.03.19 13:44:59 character/INFO - - ------ old emotional state: [0.15 0.25 0.1  0.16 0.4 ]
17.03.19 13:44:59 character/INFO - - Input_emotions: [1.0, 0.0, 0.0, 0.0, 0.0]
17.03.19 13:44:59 character/INFO - - for relationship neutral, relationship modifier with value 1
17.03.19 13:44:59 character/INFO - - for emotion happiness, decay modifier with value -0.01
17.03.19 13:44:59 character/INFO - - for emotion happiness, state modifier with mean value 1.0
17.03.19 13:44:59 character/INFO - - for emotion sadness, decay modifier with value -0.01
17.03.19 13:44:59 character/INFO - - for emotion sadness, state modifier with mean value 1.0
17.03.19 13:44:59 character/INFO - - for emotion anger, decay modifier with value -0.03
17.03.19 13:44:59 character/INFO - - for emotion anger, state modifier with mean value 1.0
17.03.19 13:44:59 character/INFO - - for emotion fear, decay modifier with value -0.03
17.03.19 13:44:59 character/INFO - - for emotion fear, state modifier with mean value 1.0
17.03.19 13:44:59 character/INFO - - for emotion disgust, decay modifier with value -0.1
17.03.19 13:44:59 character/INFO - - for emotion disgust, state modifier with mean value 1.0
17.03.19 13:44:59 character/INFO - - Summed modifiers: [ 0.11 -0.01 -0.03 -0.03 -0.1 ]
17.03.19 13:44:59 character/INFO - - delta modifier: 0.017500000000000005
17.03.19 13:44:59 character/INFO - - ------ new emotional state: [0.278 0.24  0.1   0.13  0.3  ]

17.03.19 13:45:00 character/INFO - - ------ old emotional state: [0.278 0.24  0.1   0.13  0.3  ]
17.03.19 13:45:00 character/INFO - - Input_emotions: [1.0, 0.0, 0.0, 0.0, 0.0]
17.03.19 13:45:00 character/INFO - - for relationship neutral, relationship modifier with value 1
17.03.19 13:45:00 character/INFO - - for emotion happiness, decay modifier with value -0.01
17.03.19 13:45:00 character/INFO - - for emotion happiness, state modifier with mean value 1.0
17.03.19 13:45:00 character/INFO - - for emotion sadness, decay modifier with value -0.01
17.03.19 13:45:00 character/INFO - - for emotion sadness, state modifier with mean value 1.0
17.03.19 13:45:00 character/INFO - - for emotion anger, decay modifier with value -0.03
17.03.19 13:45:00 character/INFO - - for emotion anger, state modifier with mean value 1.0
17.03.19 13:45:00 character/INFO - - for emotion fear, decay modifier with value -0.03
17.03.19 13:45:00 character/INFO - - for emotion fear, state modifier with mean value 1.0
17.03.19 13:45:00 character/INFO - - for emotion disgust, decay modifier with value -0.1
17.03.19 13:45:00 character/INFO - - for emotion disgust, state modifier with mean value 1.0
17.03.19 13:45:00 character/INFO - - Summed modifiers: [ 0.11 -0.01 -0.03 -0.03 -0.1 ]
17.03.19 13:45:00 character/INFO - - delta modifier: 0.017499999999999995
17.03.19 13:45:00 character/INFO - - ------ new emotional state: [0.406 0.23  0.1   0.1   0.2  ]
17.03.19 13:45:03 character/INFO - - Session end. character_saved saved.
