16.03.19 17:52:11 character/INFO - - Character state reset
16.03.19 17:52:11 character/INFO - - Session start. character_saved loaded
16.03.19 17:52:18 character/INFO - - ------ old emotional state: [0.  0.  0.2 0.  0. ]				1
16.03.19 17:52:18 character/INFO - - Input_emotions: [1.0, 0.0, 0.0, 0.0, 0.0]
16.03.19 17:52:18 character/INFO - - for relationship neutral, relationship modifier with value 1
16.03.19 17:52:18 character/INFO - - for emotion happiness, decay modifier with value -0.1
16.03.19 17:52:18 character/INFO - - for emotion happiness, state modifier with mean value 1.0
16.03.19 17:52:18 character/INFO - - for emotion sadness, decay modifier with value -0.05
16.03.19 17:52:18 character/INFO - - for emotion sadness, state modifier with mean value 1.0
16.03.19 17:52:18 character/INFO - - for emotion anger, decay modifier with value -0.01
16.03.19 17:52:18 character/INFO - - for emotion anger, state modifier with mean value 1.0
16.03.19 17:52:18 character/INFO - - for emotion fear, decay modifier with value -0.05
16.03.19 17:52:18 character/INFO - - for emotion fear, state modifier with mean value 1.0
16.03.19 17:52:18 character/INFO - - for emotion disgust, decay modifier with value -0.05
16.03.19 17:52:18 character/INFO - - for emotion disgust, state modifier with mean value 1.0
16.03.19 17:52:18 character/INFO - - Summed modifiers: [ 0.   -0.05 -0.01 -0.04 -0.15]
16.03.19 17:52:18 character/INFO - - delta modifier: 0.003125
16.03.19 17:52:18 character/INFO - - ------ new emotional state: [0.003 0.    0.2   0.    0.   ]
16.03.19 17:52:20 character/INFO - - ------ old emotional state: [0.003 0.    0.2   0.    0.   ]		
16.03.19 17:52:20 character/INFO - - Input_emotions: [1.0, 0.0, 0.0, 0.0, 0.0]
16.03.19 17:52:20 character/INFO - - for relationship neutral, relationship modifier with value 1
16.03.19 17:52:20 character/INFO - - for emotion happiness, decay modifier with value -0.1
16.03.19 17:52:20 character/INFO - - for emotion happiness, state modifier with mean value 1.0
16.03.19 17:52:20 character/INFO - - for emotion sadness, decay modifier with value -0.05
16.03.19 17:52:20 character/INFO - - for emotion sadness, state modifier with mean value 1.0
16.03.19 17:52:20 character/INFO - - for emotion anger, decay modifier with value -0.01
16.03.19 17:52:20 character/INFO - - for emotion anger, state modifier with mean value 1.0
16.03.19 17:52:20 character/INFO - - for emotion fear, decay modifier with value -0.05
16.03.19 17:52:20 character/INFO - - for emotion fear, state modifier with mean value 1.0
16.03.19 17:52:20 character/INFO - - for emotion disgust, decay modifier with value -0.05
16.03.19 17:52:20 character/INFO - - for emotion disgust, state modifier with mean value 1.0
16.03.19 17:52:20 character/INFO - - Summed modifiers: [ 0.   -0.05 -0.01 -0.04 -0.15]
16.03.19 17:52:20 character/INFO - - delta modifier: 0.003125
16.03.19 17:52:20 character/INFO - - ------ new emotional state: [0.006 0.    0.2   0.    0.   ]

16.03.19 17:52:22 character/INFO - - ------ old emotional state: [0.006 0.    0.2   0.    0.   ]		3
16.03.19 17:52:22 character/INFO - - Input_emotions: [0.0, 1.0, 0.0, 0.0, 0.0]
16.03.19 17:52:22 character/INFO - - for relationship neutral, relationship modifier with value 1
16.03.19 17:52:22 character/INFO - - for emotion happiness, decay modifier with value -0.1
16.03.19 17:52:22 character/INFO - - for emotion happiness, state modifier with mean value 1.0
16.03.19 17:52:22 character/INFO - - for emotion sadness, decay modifier with value -0.05
16.03.19 17:52:22 character/INFO - - for emotion sadness, state modifier with mean value 1.0
16.03.19 17:52:22 character/INFO - - for emotion anger, decay modifier with value -0.01
16.03.19 17:52:22 character/INFO - - for emotion anger, state modifier with mean value 1.0
16.03.19 17:52:22 character/INFO - - for emotion fear, decay modifier with value -0.05
16.03.19 17:52:22 character/INFO - - for emotion fear, state modifier with mean value 1.0
16.03.19 17:52:22 character/INFO - - for emotion disgust, decay modifier with value -0.05
16.03.19 17:52:22 character/INFO - - for emotion disgust, state modifier with mean value 1.0
16.03.19 17:52:22 character/INFO - - Summed modifiers: [-0.2   0.   -0.01 -0.05 -0.05]
16.03.19 17:52:22 character/INFO - - delta modifier: 0.0013750000000000004
16.03.19 17:52:22 character/INFO - - ------ new emotional state: [0.  0.  0.2 0.  0. ]

16.03.19 17:52:28 character/INFO - - ------ old emotional state: [0.  0.  0.2 0.  0. ]					4
16.03.19 17:52:28 character/INFO - - Input_emotions: [0.0, 0.0, 0.0, 0.0, 1.0]
16.03.19 17:52:28 character/INFO - - for relationship neutral, relationship modifier with value 1
16.03.19 17:52:28 character/INFO - - for emotion happiness, decay modifier with value -0.1
16.03.19 17:52:28 character/INFO - - for emotion happiness, state modifier with mean value 1.0
16.03.19 17:52:28 character/INFO - - for emotion sadness, decay modifier with value -0.05
16.03.19 17:52:28 character/INFO - - for emotion sadness, state modifier with mean value 1.0
16.03.19 17:52:28 character/INFO - - for emotion anger, decay modifier with value -0.01
16.03.19 17:52:28 character/INFO - - for emotion anger, state modifier with mean value 1.0
16.03.19 17:52:28 character/INFO - - for emotion fear, decay modifier with value -0.05
16.03.19 17:52:28 character/INFO - - for emotion fear, state modifier with mean value 1.0
16.03.19 17:52:28 character/INFO - - for emotion disgust, decay modifier with value -0.05
16.03.19 17:52:28 character/INFO - - for emotion disgust, state modifier with mean value 1.0
16.03.19 17:52:28 character/INFO - - Summed modifiers: [-0.1  -0.05  0.09 -0.04  0.  ]
16.03.19 17:52:28 character/INFO - - ------ new emotional state: [0.   0.   0.29 0.   0.  ]

16.03.19 17:52:35 character/INFO - - ------ old emotional state: [0.   0.   0.28 0.   0.  ]				5
16.03.19 17:52:35 character/INFO - - Input_emotions: [0.0, 0.0, 1.0, 0.0, 0.0]
16.03.19 17:52:35 character/INFO - - for relationship neutral, relationship modifier with value 1
16.03.19 17:52:35 character/INFO - - for emotion happiness, decay modifier with value -0.1
16.03.19 17:52:35 character/INFO - - for emotion happiness, state modifier with mean value 1.0
16.03.19 17:52:35 character/INFO - - for emotion sadness, decay modifier with value -0.05
16.03.19 17:52:35 character/INFO - - for emotion sadness, state modifier with mean value 1.0
16.03.19 17:52:35 character/INFO - - for emotion anger, decay modifier with value -0.01
16.03.19 17:52:35 character/INFO - - for emotion anger, state modifier with mean value 1.0
16.03.19 17:52:35 character/INFO - - for emotion fear, decay modifier with value -0.05
16.03.19 17:52:35 character/INFO - - for emotion fear, state modifier with mean value 1.0
16.03.19 17:52:35 character/INFO - - for emotion disgust, decay modifier with value -0.05
16.03.19 17:52:35 character/INFO - - for emotion disgust, state modifier with mean value 1.0
16.03.19 17:52:35 character/INFO - - Summed modifiers: [-0.15 -0.05  0.19 -0.04 -0.05]
16.03.19 17:52:35 character/INFO - - ------ new emotional state: [0.   0.   0.47 0.   0.  ]

16.03.19 17:52:37 character/INFO - - ------ old emotional state: [0.   0.   0.47 0.   0.  ]				6
16.03.19 17:52:37 character/INFO - - Input_emotions: [0.0, 0.0, 1.0, 0.0, 0.0]
16.03.19 17:52:37 character/INFO - - for relationship neutral, relationship modifier with value 1
16.03.19 17:52:37 character/INFO - - for emotion happiness, decay modifier with value -0.1
16.03.19 17:52:37 character/INFO - - for emotion happiness, state modifier with mean value 1.0
16.03.19 17:52:37 character/INFO - - for emotion sadness, decay modifier with value -0.05
16.03.19 17:52:37 character/INFO - - for emotion sadness, state modifier with mean value 1.0
16.03.19 17:52:37 character/INFO - - for emotion anger, decay modifier with value -0.01
16.03.19 17:52:37 character/INFO - - for emotion anger, state modifier with mean value 1.0
16.03.19 17:52:37 character/INFO - - for emotion fear, decay modifier with value -0.05
16.03.19 17:52:37 character/INFO - - for emotion fear, state modifier with mean value 1.0
16.03.19 17:52:37 character/INFO - - for emotion disgust, decay modifier with value -0.05
16.03.19 17:52:37 character/INFO - - for emotion disgust, state modifier with mean value 1.0
16.03.19 17:52:37 character/INFO - - Summed modifiers: [-0.15 -0.05  0.19 -0.04 -0.05]
16.03.19 17:52:37 character/INFO - - ------ new emotional state: [0.   0.   0.66 0.   0.  ]

16.03.19 17:52:38 character/INFO - - ------ old emotional state: [0.   0.   0.66 0.   0.  ]				7
16.03.19 17:52:38 character/INFO - - Input_emotions: [0.0, 0.0, 1.0, 0.0, 0.0]
16.03.19 17:52:38 character/INFO - - for relationship neutral, relationship modifier with value 1
16.03.19 17:52:38 character/INFO - - for emotion happiness, decay modifier with value -0.1
16.03.19 17:52:38 character/INFO - - for emotion happiness, state modifier with mean value 0.9400000000000001
16.03.19 17:52:38 character/INFO - - for emotion sadness, decay modifier with value -0.05
16.03.19 17:52:38 character/INFO - - for emotion sadness, state modifier with mean value 0.9400000000000001
16.03.19 17:52:38 character/INFO - - for emotion anger, decay modifier with value -0.01
16.03.19 17:52:38 character/INFO - - for emotion anger, state modifier with mean value 1.1
16.03.19 17:52:38 character/INFO - - for emotion fear, decay modifier with value -0.05
16.03.19 17:52:38 character/INFO - - for emotion fear, state modifier with mean value 0.9400000000000001
16.03.19 17:52:38 character/INFO - - for emotion disgust, decay modifier with value -0.05
16.03.19 17:52:38 character/INFO - - for emotion disgust, state modifier with mean value 1.0
16.03.19 17:52:38 character/INFO - - Summed modifiers: [-0.141  -0.047   0.209  -0.0376 -0.05  ]
16.03.19 17:52:38 character/INFO - - ------ new emotional state: [0.    0.    0.869 0.    0.   ]

16.03.19 17:52:41 character/INFO - - ------ old emotional state: [0.    0.    0.869 0.    0.   ]			8
16.03.19 17:52:41 character/INFO - - Input_emotions: [0.1, 0.0, 0.0, 0.0, 0.0]
16.03.19 17:52:41 character/INFO - - for relationship neutral, relationship modifier with value 1
16.03.19 17:52:41 character/INFO - - for emotion happiness, decay modifier with value -0.1
16.03.19 17:52:41 character/INFO - - for emotion happiness, state modifier with mean value 0.9400000000000001
16.03.19 17:52:41 character/INFO - - for emotion sadness, decay modifier with value -0.05
16.03.19 17:52:41 character/INFO - - for emotion sadness, state modifier with mean value 0.9400000000000001
16.03.19 17:52:41 character/INFO - - for emotion anger, decay modifier with value -0.01
16.03.19 17:52:41 character/INFO - - for emotion anger, state modifier with mean value 1.1
16.03.19 17:52:41 character/INFO - - for emotion fear, decay modifier with value -0.05
16.03.19 17:52:41 character/INFO - - for emotion fear, state modifier with mean value 0.9400000000000001
16.03.19 17:52:41 character/INFO - - for emotion disgust, decay modifier with value -0.05
16.03.19 17:52:41 character/INFO - - for emotion disgust, state modifier with mean value 1.0
16.03.19 17:52:41 character/INFO - - Summed modifiers: [-0.0846  -0.047   -0.011   -0.04794 -0.06   ]
16.03.19 17:52:41 character/INFO - - delta modifier: 0.0020742500000000006
16.03.19 17:52:41 character/INFO - - ------ new emotional state: [0.    0.    0.858 0.    0.   ]

16.03.19 17:52:43 character/INFO - - ------ old emotional state: [0.    0.    0.858 0.    0.   ]			9
16.03.19 17:52:43 character/INFO - - Input_emotions: [0.1, 0.0, 0.0, 0.0, 0.0]
16.03.19 17:52:43 character/INFO - - for relationship neutral, relationship modifier with value 1
16.03.19 17:52:43 character/INFO - - for emotion happiness, decay modifier with value -0.1
16.03.19 17:52:43 character/INFO - - for emotion happiness, state modifier with mean value 0.9400000000000001
16.03.19 17:52:43 character/INFO - - for emotion sadness, decay modifier with value -0.05
16.03.19 17:52:43 character/INFO - - for emotion sadness, state modifier with mean value 0.9400000000000001
16.03.19 17:52:43 character/INFO - - for emotion anger, decay modifier with value -0.01
16.03.19 17:52:43 character/INFO - - for emotion anger, state modifier with mean value 1.1
16.03.19 17:52:43 character/INFO - - for emotion fear, decay modifier with value -0.05
16.03.19 17:52:43 character/INFO - - for emotion fear, state modifier with mean value 0.9400000000000001
16.03.19 17:52:43 character/INFO - - for emotion disgust, decay modifier with value -0.05
16.03.19 17:52:43 character/INFO - - for emotion disgust, state modifier with mean value 1.0
16.03.19 17:52:43 character/INFO - - Summed modifiers: [-0.0846  -0.047   -0.011   -0.04794 -0.06   ]
16.03.19 17:52:43 character/INFO - - delta modifier: 0.0020742500000000006
16.03.19 17:52:43 character/INFO - - ------ new emotional state: [0.    0.    0.847 0.    0.   ]
16.03.19 17:52:46 character/INFO - - Session end. character_saved saved.
